e:\archivos\estudios\universidad\uab-ingeniería informatica\2º año\laboratorio de programación\prácticas\osm project\lp-osm-dll\x64\debug\lp-osm-dll.pch
e:\archivos\estudios\universidad\uab-ingeniería informatica\2º año\laboratorio de programación\prácticas\osm project\lp-osm-dll\x64\debug\vc142.pdb
e:\archivos\estudios\universidad\uab-ingeniería informatica\2º año\laboratorio de programación\prácticas\osm project\lp-osm-dll\x64\debug\vc142.idb
e:\archivos\estudios\universidad\uab-ingeniería informatica\2º año\laboratorio de programación\prácticas\osm project\lp-osm-dll\x64\debug\pch.obj
e:\archivos\estudios\universidad\uab-ingeniería informatica\2º año\laboratorio de programación\prácticas\osm project\lp-osm-dll\x64\debug\xml4osmutil.obj
e:\archivos\estudios\universidad\uab-ingeniería informatica\2º año\laboratorio de programación\prácticas\osm project\lp-osm-dll\x64\debug\util.obj
e:\archivos\estudios\universidad\uab-ingeniería informatica\2º año\laboratorio de programación\prácticas\osm project\lp-osm-dll\x64\debug\puntdeinteresrestaurantsolucio.obj
e:\archivos\estudios\universidad\uab-ingeniería informatica\2º año\laboratorio de programación\prácticas\osm project\lp-osm-dll\x64\debug\puntdeinteresbotigasolucio.obj
e:\archivos\estudios\universidad\uab-ingeniería informatica\2º año\laboratorio de programación\prácticas\osm project\lp-osm-dll\x64\debug\puntdeinteresbase.obj
e:\archivos\estudios\universidad\uab-ingeniería informatica\2º año\laboratorio de programación\prácticas\osm project\lp-osm-dll\x64\debug\mapasolucio.obj
e:\archivos\estudios\universidad\uab-ingeniería informatica\2º año\laboratorio de programación\prácticas\osm project\lp-osm-dll\x64\debug\maparender.obj
e:\archivos\estudios\universidad\uab-ingeniería informatica\2º año\laboratorio de programación\prácticas\osm project\lp-osm-dll\x64\debug\dllmain.obj
e:\archivos\estudios\universidad\uab-ingeniería informatica\2º año\laboratorio de programación\prácticas\osm project\lp-osm-dll\x64\debug\dll-bridge.obj
e:\archivos\estudios\universidad\uab-ingeniería informatica\2º año\laboratorio de programación\prácticas\osm project\lp-osm-dll\x64\debug\camisolucio.obj
e:\archivos\estudios\universidad\uab-ingeniería informatica\2º año\laboratorio de programación\prácticas\osm project\lp-osm-dll\x64\debug\balltree.obj
e:\archivos\estudios\universidad\uab-ingeniería informatica\2º año\laboratorio de programación\prácticas\osm project\x64\debug\lp-osm-dll.dll
e:\archivos\estudios\universidad\uab-ingeniería informatica\2º año\laboratorio de programación\prácticas\osm project\lp-osm-dll\x64\debug\lp-osm-dll.ilk
e:\archivos\estudios\universidad\uab-ingeniería informatica\2º año\laboratorio de programación\prácticas\osm project\x64\debug\lp-osm-dll.pdb
e:\archivos\estudios\universidad\uab-ingeniería informatica\2º año\laboratorio de programación\prácticas\osm project\x64\debug\lp-osm-dll.lib
e:\archivos\estudios\universidad\uab-ingeniería informatica\2º año\laboratorio de programación\prácticas\osm project\x64\debug\lp-osm-dll.exp
e:\archivos\estudios\universidad\uab-ingeniería informatica\2º año\laboratorio de programación\prácticas\osm project\lp-osm-dll\x64\debug\lp-osm-dll.tlog\cl.command.1.tlog
e:\archivos\estudios\universidad\uab-ingeniería informatica\2º año\laboratorio de programación\prácticas\osm project\lp-osm-dll\x64\debug\lp-osm-dll.tlog\cl.read.1.tlog
e:\archivos\estudios\universidad\uab-ingeniería informatica\2º año\laboratorio de programación\prácticas\osm project\lp-osm-dll\x64\debug\lp-osm-dll.tlog\cl.write.1.tlog
e:\archivos\estudios\universidad\uab-ingeniería informatica\2º año\laboratorio de programación\prácticas\osm project\lp-osm-dll\x64\debug\lp-osm-dll.tlog\link.command.1.tlog
e:\archivos\estudios\universidad\uab-ingeniería informatica\2º año\laboratorio de programación\prácticas\osm project\lp-osm-dll\x64\debug\lp-osm-dll.tlog\link.delete.1.tlog
e:\archivos\estudios\universidad\uab-ingeniería informatica\2º año\laboratorio de programación\prácticas\osm project\lp-osm-dll\x64\debug\lp-osm-dll.tlog\link.read.1.tlog
e:\archivos\estudios\universidad\uab-ingeniería informatica\2º año\laboratorio de programación\prácticas\osm project\lp-osm-dll\x64\debug\lp-osm-dll.tlog\link.write.1.tlog
e:\archivos\estudios\universidad\uab-ingeniería informatica\2º año\laboratorio de programación\prácticas\osm project\lp-osm-dll\x64\debug\lp-osm-dll.tlog\lp-osm-dll.write.1u.tlog
